### Ниже приведена структура базы, а в конце результат запроса 5.sql с объединением и группировкой
### Первая таблица  была создана на предыдущем задании, остальные создавались скриптами с номерами от 1 до 5.

* Users
 id | firstname | secondname |     email      
----+-----------+------------+----------------
  1 | Andrew    | Kuzkin     | kuzkin@mail.ru
  2 | Alexander | Danilenok  | ivanov@mail.ru
(2 строки)


* Chats
 chatid |      chatname       
--------+---------------------
      5 | Chat about dogs
      6 | Beer Lovers Society
      7 | Without rules
      8 | Talk in Russian
(4 строки)

* Messages
messageid | chatid | userid |              msgtext               
-----------+--------+--------+------------------------------------
        11 |      1 |      1 | Hi Alexander!  Do you have a dog ?
        12 |      1 |      2 | I do not have a dog..
(2 строки)

 userid | username  | userlastname | chatid | chatname | lastmessageid |          lastmessagetext           
--------+-----------+--------------+--------+----------+---------------+------------------------------------

* Результат выполнения скрипта 5.sql
      1 | Andrew    | Kuzkin       |        |          |            11 | Hi Alexander!  Do you have a dog ?
      2 | Alexander | Danilenok    |        |          |            12 | I do not have a dog..
(2 строки)

